<?xml version="1.0" encoding="utf-8"?><testsuites><testsuite name="pytest" errors="3" failures="1" skipped="20" tests="31" time="17.410" timestamp="2026-02-11T23:40:51.685001-05:00" hostname="DESKTOP-2K82SE8"><testcase classname="test_api" name="test_health_check" time="0.026" /><testcase classname="test_api" name="test_chat_rejection_on_nonsense" time="3.872" /><testcase classname="test_api" name="test_chat_valid_query" time="2.465" /><testcase classname="test_api" name="test_memory_persistence" time="4.040" /><testcase classname="test_api" name="test_upload_endpoint" time="0.017"><failure message="assert 500 == 200&#10; +  where 500 = &lt;Response [500 Internal Server Error]&gt;.status_code">test_api.py:54: in test_upload_endpoint
    assert response.status_code == 200
E   assert 500 == 200
E    +  where 500 = &lt;Response [500 Internal Server Error]&gt;.status_code</failure></testcase><testcase classname="test_rag_system.TestRAGSystem" name="test_rag_system_initialization" time="0.001"><skipped type="pytest.skip" message="ANIFRAGSystem no disponible">C:\Users\betol\OneDrive\Documentos\Economia Colombiana - ANIF\test_rag_system.py:44: ANIFRAGSystem no disponible</skipped></testcase><testcase classname="test_rag_system.TestRAGSystem" name="test_groq_initialization_valid_key" time="0.001"><skipped type="pytest.skip" message="ANIFRAGSystem no disponible">C:\Users\betol\OneDrive\Documentos\Economia Colombiana - ANIF\test_rag_system.py:52: ANIFRAGSystem no disponible</skipped></testcase><testcase classname="test_rag_system.TestRAGSystem" name="test_groq_initialization_invalid_key" time="0.001"><skipped type="pytest.skip" message="ANIFRAGSystem no disponible">C:\Users\betol\OneDrive\Documentos\Economia Colombiana - ANIF\test_rag_system.py:64: ANIFRAGSystem no disponible</skipped></testcase><testcase classname="test_rag_system.TestRAGSystem" name="test_groq_initialization_empty_key" time="0.001"><skipped type="pytest.skip" message="ANIFRAGSystem no disponible">C:\Users\betol\OneDrive\Documentos\Economia Colombiana - ANIF\test_rag_system.py:70: ANIFRAGSystem no disponible</skipped></testcase><testcase classname="test_rag_system.TestRAGSystem" name="test_load_prebuilt_vectorstore_exists" time="0.001"><skipped type="pytest.skip" message="ANIFRAGSystem no disponible">C:\Users\betol\OneDrive\Documentos\Economia Colombiana - ANIF\test_rag_system.py:78: ANIFRAGSystem no disponible</skipped></testcase><testcase classname="test_rag_system.TestRAGSystem" name="test_classify_economic_query" time="0.001"><skipped type="pytest.skip" message="ANIFRAGSystem no disponible">C:\Users\betol\OneDrive\Documentos\Economia Colombiana - ANIF\test_rag_system.py:94: ANIFRAGSystem no disponible</skipped></testcase><testcase classname="test_rag_system.TestRAGSystem" name="test_get_enhanced_system_prompt" time="0.001"><skipped type="pytest.skip" message="ANIFRAGSystem no disponible">C:\Users\betol\OneDrive\Documentos\Economia Colombiana - ANIF\test_rag_system.py:104: ANIFRAGSystem no disponible</skipped></testcase><testcase classname="test_rag_system.TestRAGSystem" name="test_create_chain_of_thought_prompt" time="0.002"><skipped type="pytest.skip" message="ANIFRAGSystem no disponible">C:\Users\betol\OneDrive\Documentos\Economia Colombiana - ANIF\test_rag_system.py:115: ANIFRAGSystem no disponible</skipped></testcase><testcase classname="test_rag_system.TestRAGSystem" name="test_load_documents_from_folder_empty" time="0.002"><skipped type="pytest.skip" message="ANIFRAGSystem no disponible">C:\Users\betol\OneDrive\Documentos\Economia Colombiana - ANIF\test_rag_system.py:126: ANIFRAGSystem no disponible</skipped></testcase><testcase classname="test_rag_system.TestRAGSystem" name="test_load_documents_from_folder_nonexistent" time="0.001"><skipped type="pytest.skip" message="ANIFRAGSystem no disponible">C:\Users\betol\OneDrive\Documentos\Economia Colombiana - ANIF\test_rag_system.py:135: ANIFRAGSystem no disponible</skipped></testcase><testcase classname="test_rag_system.TestRAGSystem" name="test_search_similar_documents_no_vectorstore" time="0.001"><skipped type="pytest.skip" message="ANIFRAGSystem no disponible">C:\Users\betol\OneDrive\Documentos\Economia Colombiana - ANIF\test_rag_system.py:140: ANIFRAGSystem no disponible</skipped></testcase><testcase classname="test_rag_system.TestRAGSystem" name="test_query_groq_hybrid_no_client" time="0.001"><skipped type="pytest.skip" message="ANIFRAGSystem no disponible">C:\Users\betol\OneDrive\Documentos\Economia Colombiana - ANIF\test_rag_system.py:145: ANIFRAGSystem no disponible</skipped></testcase><testcase classname="test_rag_system.TestRAGIntegration" name="test_end_to_end_rag_workflow" time="0.005"><skipped type="pytest.skip" message="ANIFRAGSystem no disponible">C:\Users\betol\OneDrive\Documentos\Economia Colombiana - ANIF\test_rag_system.py:168: ANIFRAGSystem no disponible</skipped></testcase><testcase classname="test_rag_system.TestRAGPerformance" name="test_query_response_time" time="0.001"><skipped type="pytest.skip" message="ANIFRAGSystem no disponible">C:\Users\betol\OneDrive\Documentos\Economia Colombiana - ANIF\test_rag_system.py:195: ANIFRAGSystem no disponible</skipped></testcase><testcase classname="test_streamlit_app.TestStreamlitApp" name="test_lazy_import_functions" time="0.004"><skipped type="pytest.skip" message="Imports no disponibles: No module named 'plotly'">C:\Users\betol\OneDrive\Documentos\Economia Colombiana - ANIF\test_streamlit_app.py:57: Imports no disponibles: No module named 'plotly'</skipped></testcase><testcase classname="test_streamlit_app.TestStreamlitApp" name="test_anif_rag_system_initialization" time="0.011"><skipped type="pytest.skip" message="ANIFRAGSystem no disponible">C:\Users\betol\OneDrive\Documentos\Economia Colombiana - ANIF\test_streamlit_app.py:72: ANIFRAGSystem no disponible</skipped></testcase><testcase classname="test_streamlit_app.TestStreamlitApp" name="test_environment_variable_loading" time="0.008" /><testcase classname="test_streamlit_app.TestStreamlitApp" name="test_show_agent_interface_initialization" time="0.017"><skipped type="pytest.skip" message="show_agent_interface no disponible">C:\Users\betol\OneDrive\Documentos\Economia Colombiana - ANIF\test_streamlit_app.py:101: show_agent_interface no disponible</skipped></testcase><testcase classname="test_streamlit_app.TestStreamlitApp" name="test_show_report_generation_interface" time="0.011"><skipped type="pytest.skip" message="show_report_generation_interface no disponible">C:\Users\betol\OneDrive\Documentos\Economia Colombiana - ANIF\test_streamlit_app.py:123: show_report_generation_interface no disponible</skipped></testcase><testcase classname="test_streamlit_app.TestStreamlitApp" name="test_show_anif_tools_interface" time="0.015"><skipped type="pytest.skip" message="show_anif_tools_interface no disponible">C:\Users\betol\OneDrive\Documentos\Economia Colombiana - ANIF\test_streamlit_app.py:145: show_anif_tools_interface no disponible</skipped></testcase><testcase classname="test_streamlit_app.TestStreamlitIntegration" name="test_main_function_structure" time="0.005"><skipped type="pytest.skip" message="main function no disponible">C:\Users\betol\OneDrive\Documentos\Economia Colombiana - ANIF\test_streamlit_app.py:168: main function no disponible</skipped></testcase><testcase classname="test_streamlit_app.TestStreamlitIntegration" name="test_api_key_loading_priority" time="0.006" /><testcase classname="test_streamlit_app.TestStreamlitSecurity" name="test_api_key_not_exposed_in_ui" time="0.002"><error message="failed on setup with &quot;file C:\Users\betol\OneDrive\Documentos\Economia Colombiana - ANIF\test_streamlit_app.py, line 186&#10;      def test_api_key_not_exposed_in_ui(self, mock_streamlit):&#10;E       fixture 'mock_streamlit' not found&#10;&gt;       available fixtures: anyio_backend, anyio_backend_name, anyio_backend_options, cache, capfd, capfdbinary, caplog, capsys, capsysbinary, celery_app, celery_class_tasks, celery_config, celery_enable_logging, celery_includes, celery_parameters, celery_session_app, celery_session_worker, celery_worker, celery_worker_parameters, celery_worker_pool, depends_on_current_app, doctest_namespace, monkeypatch, pytestconfig, record_property, record_testsuite_property, record_xml_attribute, recwarn, tmp_path, tmp_path_factory, tmpdir, tmpdir_factory, use_celery_app_trap&#10;&gt;       use 'pytest --fixtures [testpath]' for help on them.&#10;&#10;C:\Users\betol\OneDrive\Documentos\Economia Colombiana - ANIF\test_streamlit_app.py:186&quot;">file C:\Users\betol\OneDrive\Documentos\Economia Colombiana - ANIF\test_streamlit_app.py, line 186
      def test_api_key_not_exposed_in_ui(self, mock_streamlit):
E       fixture 'mock_streamlit' not found
&gt;       available fixtures: anyio_backend, anyio_backend_name, anyio_backend_options, cache, capfd, capfdbinary, caplog, capsys, capsysbinary, celery_app, celery_class_tasks, celery_config, celery_enable_logging, celery_includes, celery_parameters, celery_session_app, celery_session_worker, celery_worker, celery_worker_parameters, celery_worker_pool, depends_on_current_app, doctest_namespace, monkeypatch, pytestconfig, record_property, record_testsuite_property, record_xml_attribute, recwarn, tmp_path, tmp_path_factory, tmpdir, tmpdir_factory, use_celery_app_trap
&gt;       use 'pytest --fixtures [testpath]' for help on them.

C:\Users\betol\OneDrive\Documentos\Economia Colombiana - ANIF\test_streamlit_app.py:186</error></testcase><testcase classname="test_streamlit_app.TestStreamlitSecurity" name="test_session_isolation" time="0.001"><error message="failed on setup with &quot;file C:\Users\betol\OneDrive\Documentos\Economia Colombiana - ANIF\test_streamlit_app.py, line 196&#10;      def test_session_isolation(self, mock_session_state):&#10;E       fixture 'mock_session_state' not found&#10;&gt;       available fixtures: anyio_backend, anyio_backend_name, anyio_backend_options, cache, capfd, capfdbinary, caplog, capsys, capsysbinary, celery_app, celery_class_tasks, celery_config, celery_enable_logging, celery_includes, celery_parameters, celery_session_app, celery_session_worker, celery_worker, celery_worker_parameters, celery_worker_pool, depends_on_current_app, doctest_namespace, monkeypatch, pytestconfig, record_property, record_testsuite_property, record_xml_attribute, recwarn, tmp_path, tmp_path_factory, tmpdir, tmpdir_factory, use_celery_app_trap&#10;&gt;       use 'pytest --fixtures [testpath]' for help on them.&#10;&#10;C:\Users\betol\OneDrive\Documentos\Economia Colombiana - ANIF\test_streamlit_app.py:196&quot;">file C:\Users\betol\OneDrive\Documentos\Economia Colombiana - ANIF\test_streamlit_app.py, line 196
      def test_session_isolation(self, mock_session_state):
E       fixture 'mock_session_state' not found
&gt;       available fixtures: anyio_backend, anyio_backend_name, anyio_backend_options, cache, capfd, capfdbinary, caplog, capsys, capsysbinary, celery_app, celery_class_tasks, celery_config, celery_enable_logging, celery_includes, celery_parameters, celery_session_app, celery_session_worker, celery_worker, celery_worker_parameters, celery_worker_pool, depends_on_current_app, doctest_namespace, monkeypatch, pytestconfig, record_property, record_testsuite_property, record_xml_attribute, recwarn, tmp_path, tmp_path_factory, tmpdir, tmpdir_factory, use_celery_app_trap
&gt;       use 'pytest --fixtures [testpath]' for help on them.

C:\Users\betol\OneDrive\Documentos\Economia Colombiana - ANIF\test_streamlit_app.py:196</error></testcase><testcase classname="test_streamlit_app.TestStreamlitPerformance" name="test_lazy_loading_efficiency" time="0.004" /><testcase classname="test_streamlit_app.TestStreamlitPerformance" name="test_session_state_efficiency" time="0.001"><error message="failed on setup with &quot;file C:\Users\betol\OneDrive\Documentos\Economia Colombiana - ANIF\test_streamlit_app.py, line 226&#10;      @pytest.mark.performance&#10;      def test_session_state_efficiency(self, mock_session_state):&#10;E       fixture 'mock_session_state' not found&#10;&gt;       available fixtures: anyio_backend, anyio_backend_name, anyio_backend_options, cache, capfd, capfdbinary, caplog, capsys, capsysbinary, celery_app, celery_class_tasks, celery_config, celery_enable_logging, celery_includes, celery_parameters, celery_session_app, celery_session_worker, celery_worker, celery_worker_parameters, celery_worker_pool, depends_on_current_app, doctest_namespace, monkeypatch, pytestconfig, record_property, record_testsuite_property, record_xml_attribute, recwarn, tmp_path, tmp_path_factory, tmpdir, tmpdir_factory, use_celery_app_trap&#10;&gt;       use 'pytest --fixtures [testpath]' for help on them.&#10;&#10;C:\Users\betol\OneDrive\Documentos\Economia Colombiana - ANIF\test_streamlit_app.py:226&quot;">file C:\Users\betol\OneDrive\Documentos\Economia Colombiana - ANIF\test_streamlit_app.py, line 226
      @pytest.mark.performance
      def test_session_state_efficiency(self, mock_session_state):
E       fixture 'mock_session_state' not found
&gt;       available fixtures: anyio_backend, anyio_backend_name, anyio_backend_options, cache, capfd, capfdbinary, caplog, capsys, capsysbinary, celery_app, celery_class_tasks, celery_config, celery_enable_logging, celery_includes, celery_parameters, celery_session_app, celery_session_worker, celery_worker, celery_worker_parameters, celery_worker_pool, depends_on_current_app, doctest_namespace, monkeypatch, pytestconfig, record_property, record_testsuite_property, record_xml_attribute, recwarn, tmp_path, tmp_path_factory, tmpdir, tmpdir_factory, use_celery_app_trap
&gt;       use 'pytest --fixtures [testpath]' for help on them.

C:\Users\betol\OneDrive\Documentos\Economia Colombiana - ANIF\test_streamlit_app.py:226</error></testcase></testsuite></testsuites>